<?xml version="1.0" encoding="UTF-8"?>
<!-- Generated by org.testng.reporters.JUnitXMLReporter -->
<testsuite hostname="Surendra" name="Test" tests="7" failures="2" timestamp="6 Mar 2018 09:43:45 GMT" time="232.22" errors="0">
  <testcase name="createContactTest" time="13.831" classname="com.crm.contacttest.ContactTest"/>
  <testcase name="createContactWithImageTest" time="13.0" classname="com.crm.contacttest.ContactTest"/>
  <testcase name="createContactWithOrganizationTest" time="24.848" classname="com.crm.contacttest.ContactTest"/>
  <testcase name="createOpertunityUsingOrgCompaignTest" time="32.58" classname="com.crm.endtoendtest.EndToEndTest">
    <failure type="java.lang.AssertionError" message="The following asserts failed:
null">
      <![CDATA[java.lang.AssertionError: The following asserts failed:
null
	at com.crm.endtoendtest.EndToEndTest.createOpertunityUsingOrgCompaignTest(EndToEndTest.java:83)
... Removed 25 stack frames]]>
    </failure>
  </testcase> <!-- createOpertunityUsingOrgCompaignTest -->
  <testcase name="deleteOrgWhenOrgContainsContact_OpertunityTest" time="76.888" classname="com.crm.endtoendtest.EndToEndTest">
    <failure type="java.lang.AssertionError" message="The following asserts failed:
null">
      <![CDATA[java.lang.AssertionError: The following asserts failed:
null
	at com.crm.endtoendtest.EndToEndTest.deleteOrgWhenOrgContainsContact_OpertunityTest(EndToEndTest.java:176)
... Removed 25 stack frames]]>
    </failure>
  </testcase> <!-- deleteOrgWhenOrgContainsContact_OpertunityTest -->
  <testcase name="createOrganizationTest" time="12.896" classname="com.crm.organizationtest.OrganizationTest"/>
  <testcase name="createOrganizationWithOrganizationTypeTest" time="12.148" classname="com.crm.organizationtest.OrganizationTest"/>
</testsuite> <!-- Test -->
