<?xml version="1.0" encoding="UTF-8"?>
<!-- Generated by org.testng.reporters.JUnitXMLReporter -->
<testsuite hostname="Surendra" name="Command line test" tests="7" failures="0" timestamp="6 Mar 2018 10:56:59 GMT" time="197.677" errors="0">
  <testcase name="createContactTest" time="10.289" classname="com.crm.contacttest.ContactTest"/>
  <testcase name="createContactWithImageTest" time="9.817" classname="com.crm.contacttest.ContactTest"/>
  <testcase name="createContactWithOrganizationTest" time="18.729" classname="com.crm.contacttest.ContactTest"/>
  <testcase name="createOpertunityUsingOrgCompaignTest" time="28.088" classname="com.crm.endtoendtest.EndToEndTest"/>
  <testcase name="deleteOrgWhenOrgContainsContact_OpertunityTest" time="64.889" classname="com.crm.endtoendtest.EndToEndTest"/>
  <testcase name="createOrganizationTest" time="11.756" classname="com.crm.organizationtest.OrganizationTest"/>
  <testcase name="createOrganizationWithOrganizationTypeTest" time="11.43" classname="com.crm.organizationtest.OrganizationTest"/>
</testsuite> <!-- Command line test -->
