<?xml version="1.0" encoding="UTF-8"?>
<testng-results skipped="0" failed="0" total="1" passed="1">
  <reporter-output>
    <line>
      <![CDATA[read test data from excel]]>
    </line>
    <line>
      <![CDATA[navigate to contacts page]]>
    </line>
    <line>
      <![CDATA[navigate to create contact page]]>
    </line>
    <line>
      <![CDATA[read test data from excel]]>
    </line>
    <line>
      <![CDATA[navigate to contacts page]]>
    </line>
    <line>
      <![CDATA[navigate to save]]>
    </line>
    <line>
      <![CDATA[capture actuval contact name]]>
    </line>
    <line>
      <![CDATA[verifying contact name]]>
    </line>
  </reporter-output>
  <suite name="Suite" duration-ms="31681" started-at="2018-03-06T10:32:32Z" finished-at="2018-03-06T10:33:04Z">
    <groups>
      <group name="SmokeTest">
        <method signature="ContactTest.createContactTest()[pri:0, instance:com.crm.contacttest.ContactTest@5c3bd550]" name="createContactTest" class="com.crm.contacttest.ContactTest"/>
        <method signature="ContactTest.createContactTest()[pri:0, instance:com.crm.contacttest.ContactTest@5700d6b1]" name="createContactTest" class="com.crm.contacttest.ContactTest"/>
      </group> <!-- SmokeTest -->
    </groups>
    <test name="TR-chrome" duration-ms="31681" started-at="2018-03-06T10:32:32Z" finished-at="2018-03-06T10:33:04Z">
      <class name="com.crm.contacttest.ContactTest">
        <test-method status="PASS" signature="configBC(java.lang.String)[pri:0, instance:com.crm.contacttest.ContactTest@5700d6b1]" name="configBC" is-config="true" duration-ms="5818" started-at="2018-03-06T16:02:32Z" finished-at="2018-03-06T16:02:38Z">
          <params>
            <param index="0">
              <value>
                <![CDATA[chrome]]>
              </value>
            </param>
          </params>
          <reporter-output>
          </reporter-output>
        </test-method> <!-- configBC -->
        <test-method status="PASS" signature="configBM()[pri:0, instance:com.crm.contacttest.ContactTest@5700d6b1]" name="configBM" is-config="true" duration-ms="3157" started-at="2018-03-06T16:02:38Z" finished-at="2018-03-06T16:02:41Z">
          <reporter-output>
          </reporter-output>
        </test-method> <!-- configBM -->
        <test-method status="PASS" signature="createContactTest()[pri:0, instance:com.crm.contacttest.ContactTest@5700d6b1]" name="createContactTest" duration-ms="20759" started-at="2018-03-06T16:02:41Z" finished-at="2018-03-06T16:03:02Z">
          <reporter-output>
            <line>
              <![CDATA[read test data from excel]]>
            </line>
            <line>
              <![CDATA[navigate to contacts page]]>
            </line>
            <line>
              <![CDATA[navigate to create contact page]]>
            </line>
            <line>
              <![CDATA[navigate to save]]>
            </line>
            <line>
              <![CDATA[capture actuval contact name]]>
            </line>
            <line>
              <![CDATA[verifying contact name]]>
            </line>
          </reporter-output>
        </test-method> <!-- createContactTest -->
        <test-method status="PASS" signature="configAM()[pri:0, instance:com.crm.contacttest.ContactTest@5700d6b1]" name="configAM" is-config="true" duration-ms="630" started-at="2018-03-06T16:03:02Z" finished-at="2018-03-06T16:03:03Z">
          <reporter-output>
          </reporter-output>
        </test-method> <!-- configAM -->
        <test-method status="PASS" signature="configAC()[pri:0, instance:com.crm.contacttest.ContactTest@5700d6b1]" name="configAC" is-config="true" duration-ms="1293" started-at="2018-03-06T16:03:03Z" finished-at="2018-03-06T16:03:04Z">
          <reporter-output>
          </reporter-output>
        </test-method> <!-- configAC -->
      </class> <!-- com.crm.contacttest.ContactTest -->
    </test> <!-- TR-chrome -->
  </suite> <!-- Suite -->
</testng-results>
